<?xml version="1.0" encoding="UTF-8"?>
<testsuite xmlns:xsi="http://www.w3.org/2001/XMLSchema-instance" xsi:noNamespaceSchemaLocation="https://maven.apache.org/surefire/maven-surefire-plugin/xsd/surefire-test-report-3.0.xsd" version="3.0" name="com.smart_padel.spvending_management_api.user_manager.infrastructure.rest.controller.PostUserManagerControllerTest" time="0.738" tests="8" errors="0" skipped="0" failures="0">
  <properties>
    <property name="java.specification.version" value="22"/>
    <property name="sun.cpu.isalist" value="amd64"/>
    <property name="sun.jnu.encoding" value="Cp1252"/>
    <property name="java.class.path" value="D:\TRABAJO\Practicar\spvending-manager\target\test-classes;D:\TRABAJO\Practicar\spvending-manager\target\classes;C:\Users\Usuario\.m2\repository\jakarta\annotation\jakarta.annotation-api\2.1.1\jakarta.annotation-api-2.1.1.jar;C:\Users\Usuario\.m2\repository\org\springframework\boot\spring-boot-starter-data-redis\3.4.4\spring-boot-starter-data-redis-3.4.4.jar;C:\Users\Usuario\.m2\repository\org\springframework\boot\spring-boot-starter\3.4.4\spring-boot-starter-3.4.4.jar;C:\Users\Usuario\.m2\repository\org\springframework\boot\spring-boot-starter-logging\3.4.4\spring-boot-starter-logging-3.4.4.jar;C:\Users\Usuario\.m2\repository\ch\qos\logback\logback-classic\1.5.18\logback-classic-1.5.18.jar;C:\Users\Usuario\.m2\repository\ch\qos\logback\logback-core\1.5.18\logback-core-1.5.18.jar;C:\Users\Usuario\.m2\repository\org\apache\logging\log4j\log4j-to-slf4j\2.24.3\log4j-to-slf4j-2.24.3.jar;C:\Users\Usuario\.m2\repository\org\apache\logging\log4j\log4j-api\2.24.3\log4j-api-2.24.3.jar;C:\Users\Usuario\.m2\repository\org\slf4j\jul-to-slf4j\2.0.17\jul-to-slf4j-2.0.17.jar;C:\Users\Usuario\.m2\repository\org\yaml\snakeyaml\2.3\snakeyaml-2.3.jar;C:\Users\Usuario\.m2\repository\io\lettuce\lettuce-core\6.4.2.RELEASE\lettuce-core-6.4.2.RELEASE.jar;C:\Users\Usuario\.m2\repository\io\netty\netty-common\4.1.119.Final\netty-common-4.1.119.Final.jar;C:\Users\Usuario\.m2\repository\io\netty\netty-handler\4.1.119.Final\netty-handler-4.1.119.Final.jar;C:\Users\Usuario\.m2\repository\io\netty\netty-resolver\4.1.119.Final\netty-resolver-4.1.119.Final.jar;C:\Users\Usuario\.m2\repository\io\netty\netty-buffer\4.1.119.Final\netty-buffer-4.1.119.Final.jar;C:\Users\Usuario\.m2\repository\io\netty\netty-transport-native-unix-common\4.1.119.Final\netty-transport-native-unix-common-4.1.119.Final.jar;C:\Users\Usuario\.m2\repository\io\netty\netty-codec\4.1.119.Final\netty-codec-4.1.119.Final.jar;C:\Users\Usuario\.m2\repository\io\netty\netty-transport\4.1.119.Final\netty-transport-4.1.119.Final.jar;C:\Users\Usuario\.m2\repository\io\projectreactor\reactor-core\3.7.4\reactor-core-3.7.4.jar;C:\Users\Usuario\.m2\repository\org\reactivestreams\reactive-streams\1.0.4\reactive-streams-1.0.4.jar;C:\Users\Usuario\.m2\repository\org\springframework\data\spring-data-redis\3.4.4\spring-data-redis-3.4.4.jar;C:\Users\Usuario\.m2\repository\org\springframework\data\spring-data-keyvalue\3.4.4\spring-data-keyvalue-3.4.4.jar;C:\Users\Usuario\.m2\repository\org\springframework\data\spring-data-commons\3.4.4\spring-data-commons-3.4.4.jar;C:\Users\Usuario\.m2\repository\org\springframework\spring-tx\6.2.5\spring-tx-6.2.5.jar;C:\Users\Usuario\.m2\repository\org\springframework\spring-oxm\6.2.5\spring-oxm-6.2.5.jar;C:\Users\Usuario\.m2\repository\org\springframework\spring-aop\6.2.5\spring-aop-6.2.5.jar;C:\Users\Usuario\.m2\repository\org\springframework\spring-context-support\6.2.5\spring-context-support-6.2.5.jar;C:\Users\Usuario\.m2\repository\org\slf4j\slf4j-api\2.0.17\slf4j-api-2.0.17.jar;C:\Users\Usuario\.m2\repository\org\springdoc\springdoc-openapi-starter-webmvc-ui\2.8.6\springdoc-openapi-starter-webmvc-ui-2.8.6.jar;C:\Users\Usuario\.m2\repository\org\springdoc\springdoc-openapi-starter-webmvc-api\2.8.6\springdoc-openapi-starter-webmvc-api-2.8.6.jar;C:\Users\Usuario\.m2\repository\org\springdoc\springdoc-openapi-starter-common\2.8.6\springdoc-openapi-starter-common-2.8.6.jar;C:\Users\Usuario\.m2\repository\io\swagger\core\v3\swagger-core-jakarta\2.2.29\swagger-core-jakarta-2.2.29.jar;C:\Users\Usuario\.m2\repository\org\apache\commons\commons-lang3\3.17.0\commons-lang3-3.17.0.jar;C:\Users\Usuario\.m2\repository\io\swagger\core\v3\swagger-annotations-jakarta\2.2.29\swagger-annotations-jakarta-2.2.29.jar;C:\Users\Usuario\.m2\repository\io\swagger\core\v3\swagger-models-jakarta\2.2.29\swagger-models-jakarta-2.2.29.jar;C:\Users\Usuario\.m2\repository\com\fasterxml\jackson\dataformat\jackson-dataformat-yaml\2.18.3\jackson-dataformat-yaml-2.18.3.jar;C:\Users\Usuario\.m2\repository\org\webjars\swagger-ui\5.20.1\swagger-ui-5.20.1.jar;C:\Users\Usuario\.m2\repository\org\webjars\webjars-locator-lite\1.0.1\webjars-locator-lite-1.0.1.jar;C:\Users\Usuario\.m2\repository\org\jspecify\jspecify\1.0.0\jspecify-1.0.0.jar;C:\Users\Usuario\.m2\repository\org\springframework\boot\spring-boot-starter-data-jpa\3.4.4\spring-boot-starter-data-jpa-3.4.4.jar;C:\Users\Usuario\.m2\repository\org\springframework\boot\spring-boot-starter-jdbc\3.4.4\spring-boot-starter-jdbc-3.4.4.jar;C:\Users\Usuario\.m2\repository\com\zaxxer\HikariCP\5.1.0\HikariCP-5.1.0.jar;C:\Users\Usuario\.m2\repository\org\springframework\spring-jdbc\6.2.5\spring-jdbc-6.2.5.jar;C:\Users\Usuario\.m2\repository\org\hibernate\orm\hibernate-core\6.6.11.Final\hibernate-core-6.6.11.Final.jar;C:\Users\Usuario\.m2\repository\jakarta\persistence\jakarta.persistence-api\3.1.0\jakarta.persistence-api-3.1.0.jar;C:\Users\Usuario\.m2\repository\jakarta\transaction\jakarta.transaction-api\2.0.1\jakarta.transaction-api-2.0.1.jar;C:\Users\Usuario\.m2\repository\org\jboss\logging\jboss-logging\3.6.1.Final\jboss-logging-3.6.1.Final.jar;C:\Users\Usuario\.m2\repository\org\hibernate\common\hibernate-commons-annotations\7.0.3.Final\hibernate-commons-annotations-7.0.3.Final.jar;C:\Users\Usuario\.m2\repository\io\smallrye\jandex\3.2.0\jandex-3.2.0.jar;C:\Users\Usuario\.m2\repository\com\fasterxml\classmate\1.7.0\classmate-1.7.0.jar;C:\Users\Usuario\.m2\repository\net\bytebuddy\byte-buddy\1.15.11\byte-buddy-1.15.11.jar;C:\Users\Usuario\.m2\repository\org\glassfish\jaxb\jaxb-runtime\4.0.5\jaxb-runtime-4.0.5.jar;C:\Users\Usuario\.m2\repository\org\glassfish\jaxb\jaxb-core\4.0.5\jaxb-core-4.0.5.jar;C:\Users\Usuario\.m2\repository\org\eclipse\angus\angus-activation\2.0.2\angus-activation-2.0.2.jar;C:\Users\Usuario\.m2\repository\org\glassfish\jaxb\txw2\4.0.5\txw2-4.0.5.jar;C:\Users\Usuario\.m2\repository\com\sun\istack\istack-commons-runtime\4.1.2\istack-commons-runtime-4.1.2.jar;C:\Users\Usuario\.m2\repository\jakarta\inject\jakarta.inject-api\2.0.1\jakarta.inject-api-2.0.1.jar;C:\Users\Usuario\.m2\repository\org\antlr\antlr4-runtime\4.13.0\antlr4-runtime-4.13.0.jar;C:\Users\Usuario\.m2\repository\org\springframework\data\spring-data-jpa\3.4.4\spring-data-jpa-3.4.4.jar;C:\Users\Usuario\.m2\repository\org\springframework\spring-orm\6.2.5\spring-orm-6.2.5.jar;C:\Users\Usuario\.m2\repository\org\springframework\spring-aspects\6.2.5\spring-aspects-6.2.5.jar;C:\Users\Usuario\.m2\repository\org\aspectj\aspectjweaver\1.9.23\aspectjweaver-1.9.23.jar;C:\Users\Usuario\.m2\repository\org\springframework\boot\spring-boot-starter-validation\3.4.4\spring-boot-starter-validation-3.4.4.jar;C:\Users\Usuario\.m2\repository\org\apache\tomcat\embed\tomcat-embed-el\10.1.39\tomcat-embed-el-10.1.39.jar;C:\Users\Usuario\.m2\repository\org\hibernate\validator\hibernate-validator\8.0.2.Final\hibernate-validator-8.0.2.Final.jar;C:\Users\Usuario\.m2\repository\jakarta\validation\jakarta.validation-api\3.0.2\jakarta.validation-api-3.0.2.jar;C:\Users\Usuario\.m2\repository\org\springframework\boot\spring-boot-starter-web\3.4.4\spring-boot-starter-web-3.4.4.jar;C:\Users\Usuario\.m2\repository\org\springframework\boot\spring-boot-starter-json\3.4.4\spring-boot-starter-json-3.4.4.jar;C:\Users\Usuario\.m2\repository\com\fasterxml\jackson\datatype\jackson-datatype-jdk8\2.18.3\jackson-datatype-jdk8-2.18.3.jar;C:\Users\Usuario\.m2\repository\com\fasterxml\jackson\datatype\jackson-datatype-jsr310\2.18.3\jackson-datatype-jsr310-2.18.3.jar;C:\Users\Usuario\.m2\repository\com\fasterxml\jackson\module\jackson-module-parameter-names\2.18.3\jackson-module-parameter-names-2.18.3.jar;C:\Users\Usuario\.m2\repository\org\springframework\boot\spring-boot-starter-tomcat\3.4.4\spring-boot-starter-tomcat-3.4.4.jar;C:\Users\Usuario\.m2\repository\org\apache\tomcat\embed\tomcat-embed-websocket\10.1.39\tomcat-embed-websocket-10.1.39.jar;C:\Users\Usuario\.m2\repository\org\springframework\spring-web\6.2.5\spring-web-6.2.5.jar;C:\Users\Usuario\.m2\repository\org\springframework\spring-webmvc\6.2.5\spring-webmvc-6.2.5.jar;C:\Users\Usuario\.m2\repository\org\springframework\boot\spring-boot-devtools\3.4.4\spring-boot-devtools-3.4.4.jar;C:\Users\Usuario\.m2\repository\org\springframework\boot\spring-boot\3.4.4\spring-boot-3.4.4.jar;C:\Users\Usuario\.m2\repository\org\springframework\boot\spring-boot-autoconfigure\3.4.4\spring-boot-autoconfigure-3.4.4.jar;C:\Users\Usuario\.m2\repository\org\postgresql\postgresql\42.7.5\postgresql-42.7.5.jar;C:\Users\Usuario\.m2\repository\org\checkerframework\checker-qual\3.48.3\checker-qual-3.48.3.jar;C:\Users\Usuario\.m2\repository\org\springframework\boot\spring-boot-starter-security\3.4.5\spring-boot-starter-security-3.4.5.jar;C:\Users\Usuario\.m2\repository\org\springframework\security\spring-security-config\6.4.4\spring-security-config-6.4.4.jar;C:\Users\Usuario\.m2\repository\org\springframework\security\spring-security-web\6.4.4\spring-security-web-6.4.4.jar;C:\Users\Usuario\.m2\repository\io\jsonwebtoken\jjwt-api\0.12.6\jjwt-api-0.12.6.jar;C:\Users\Usuario\.m2\repository\io\jsonwebtoken\jjwt-impl\0.12.6\jjwt-impl-0.12.6.jar;C:\Users\Usuario\.m2\repository\io\jsonwebtoken\jjwt-jackson\0.12.6\jjwt-jackson-0.12.6.jar;C:\Users\Usuario\.m2\repository\com\fasterxml\jackson\core\jackson-databind\2.18.3\jackson-databind-2.18.3.jar;C:\Users\Usuario\.m2\repository\com\fasterxml\jackson\core\jackson-annotations\2.18.3\jackson-annotations-2.18.3.jar;C:\Users\Usuario\.m2\repository\com\fasterxml\jackson\core\jackson-core\2.18.3\jackson-core-2.18.3.jar;C:\Users\Usuario\.m2\repository\org\springframework\boot\spring-boot-starter-test\3.4.4\spring-boot-starter-test-3.4.4.jar;C:\Users\Usuario\.m2\repository\org\springframework\boot\spring-boot-test\3.4.4\spring-boot-test-3.4.4.jar;C:\Users\Usuario\.m2\repository\org\springframework\boot\spring-boot-test-autoconfigure\3.4.4\spring-boot-test-autoconfigure-3.4.4.jar;C:\Users\Usuario\.m2\repository\com\jayway\jsonpath\json-path\2.9.0\json-path-2.9.0.jar;C:\Users\Usuario\.m2\repository\jakarta\xml\bind\jakarta.xml.bind-api\4.0.2\jakarta.xml.bind-api-4.0.2.jar;C:\Users\Usuario\.m2\repository\jakarta\activation\jakarta.activation-api\2.1.3\jakarta.activation-api-2.1.3.jar;C:\Users\Usuario\.m2\repository\net\minidev\json-smart\2.5.2\json-smart-2.5.2.jar;C:\Users\Usuario\.m2\repository\net\minidev\accessors-smart\2.5.2\accessors-smart-2.5.2.jar;C:\Users\Usuario\.m2\repository\org\ow2\asm\asm\9.7.1\asm-9.7.1.jar;C:\Users\Usuario\.m2\repository\org\assertj\assertj-core\3.26.3\assertj-core-3.26.3.jar;C:\Users\Usuario\.m2\repository\org\awaitility\awaitility\4.2.2\awaitility-4.2.2.jar;C:\Users\Usuario\.m2\repository\org\hamcrest\hamcrest\2.2\hamcrest-2.2.jar;C:\Users\Usuario\.m2\repository\org\junit\jupiter\junit-jupiter\5.11.4\junit-jupiter-5.11.4.jar;C:\Users\Usuario\.m2\repository\org\junit\jupiter\junit-jupiter-api\5.11.4\junit-jupiter-api-5.11.4.jar;C:\Users\Usuario\.m2\repository\org\opentest4j\opentest4j\1.3.0\opentest4j-1.3.0.jar;C:\Users\Usuario\.m2\repository\org\junit\platform\junit-platform-commons\1.11.4\junit-platform-commons-1.11.4.jar;C:\Users\Usuario\.m2\repository\org\apiguardian\apiguardian-api\1.1.2\apiguardian-api-1.1.2.jar;C:\Users\Usuario\.m2\repository\org\junit\jupiter\junit-jupiter-params\5.11.4\junit-jupiter-params-5.11.4.jar;C:\Users\Usuario\.m2\repository\org\junit\jupiter\junit-jupiter-engine\5.11.4\junit-jupiter-engine-5.11.4.jar;C:\Users\Usuario\.m2\repository\org\junit\platform\junit-platform-engine\1.11.4\junit-platform-engine-1.11.4.jar;C:\Users\Usuario\.m2\repository\org\mockito\mockito-core\5.14.2\mockito-core-5.14.2.jar;C:\Users\Usuario\.m2\repository\net\bytebuddy\byte-buddy-agent\1.15.11\byte-buddy-agent-1.15.11.jar;C:\Users\Usuario\.m2\repository\org\objenesis\objenesis\3.3\objenesis-3.3.jar;C:\Users\Usuario\.m2\repository\org\mockito\mockito-junit-jupiter\5.14.2\mockito-junit-jupiter-5.14.2.jar;C:\Users\Usuario\.m2\repository\org\skyscreamer\jsonassert\1.5.3\jsonassert-1.5.3.jar;C:\Users\Usuario\.m2\repository\com\vaadin\external\google\android-json\0.0.20131108.vaadin1\android-json-0.0.20131108.vaadin1.jar;C:\Users\Usuario\.m2\repository\org\springframework\spring-core\6.2.5\spring-core-6.2.5.jar;C:\Users\Usuario\.m2\repository\org\springframework\spring-jcl\6.2.5\spring-jcl-6.2.5.jar;C:\Users\Usuario\.m2\repository\org\springframework\spring-test\6.2.5\spring-test-6.2.5.jar;C:\Users\Usuario\.m2\repository\org\xmlunit\xmlunit-core\2.10.0\xmlunit-core-2.10.0.jar;C:\Users\Usuario\.m2\repository\org\projectlombok\lombok\1.18.36\lombok-1.18.36.jar;C:\Users\Usuario\.m2\repository\org\springframework\security\spring-security-test\6.4.4\spring-security-test-6.4.4.jar;C:\Users\Usuario\.m2\repository\org\springframework\security\spring-security-core\6.4.4\spring-security-core-6.4.4.jar;C:\Users\Usuario\.m2\repository\org\springframework\security\spring-security-crypto\6.4.4\spring-security-crypto-6.4.4.jar;C:\Users\Usuario\.m2\repository\org\springframework\spring-context\6.2.7\spring-context-6.2.7.jar;C:\Users\Usuario\.m2\repository\org\springframework\spring-beans\6.2.5\spring-beans-6.2.5.jar;C:\Users\Usuario\.m2\repository\org\springframework\spring-expression\6.2.5\spring-expression-6.2.5.jar;C:\Users\Usuario\.m2\repository\io\micrometer\micrometer-observation\1.14.5\micrometer-observation-1.14.5.jar;C:\Users\Usuario\.m2\repository\io\micrometer\micrometer-commons\1.14.5\micrometer-commons-1.14.5.jar;C:\Users\Usuario\.m2\repository\org\apache\tomcat\embed\tomcat-embed-core\10.1.40\tomcat-embed-core-10.1.40.jar;C:\Users\Usuario\.m2\repository\org\apache\tomcat\tomcat-annotations-api\10.1.39\tomcat-annotations-api-10.1.39.jar;"/>
    <property name="java.vm.vendor" value="Oracle Corporation"/>
    <property name="sun.arch.data.model" value="64"/>
    <property name="user.variant" value=""/>
    <property name="java.vendor.url" value="https://java.oracle.com/"/>
    <property name="user.timezone" value="Europe/Madrid"/>
    <property name="org.jboss.logging.provider" value="slf4j"/>
    <property name="os.name" value="Windows 11"/>
    <property name="java.vm.specification.version" value="22"/>
    <property name="APPLICATION_NAME" value="Tenants_Managment"/>
    <property name="sun.java.launcher" value="SUN_STANDARD"/>
    <property name="user.country" value="ES"/>
    <property name="sun.boot.library.path" value="C:\Program Files\Java\jdk-22\bin"/>
    <property name="sun.java.command" value="C:\Users\Usuario\AppData\Local\Temp\surefire17663340399994929714\surefirebooter-20250521154219484_3.jar C:\Users\Usuario\AppData\Local\Temp\surefire17663340399994929714 2025-05-21T15-42-19_275-jvmRun1 surefire-20250521154219484_1tmp surefire_0-20250521154219484_2tmp"/>
    <property name="jdk.debug" value="release"/>
    <property name="surefire.test.class.path" value="D:\TRABAJO\Practicar\spvending-manager\target\test-classes;D:\TRABAJO\Practicar\spvending-manager\target\classes;C:\Users\Usuario\.m2\repository\jakarta\annotation\jakarta.annotation-api\2.1.1\jakarta.annotation-api-2.1.1.jar;C:\Users\Usuario\.m2\repository\org\springframework\boot\spring-boot-starter-data-redis\3.4.4\spring-boot-starter-data-redis-3.4.4.jar;C:\Users\Usuario\.m2\repository\org\springframework\boot\spring-boot-starter\3.4.4\spring-boot-starter-3.4.4.jar;C:\Users\Usuario\.m2\repository\org\springframework\boot\spring-boot-starter-logging\3.4.4\spring-boot-starter-logging-3.4.4.jar;C:\Users\Usuario\.m2\repository\ch\qos\logback\logback-classic\1.5.18\logback-classic-1.5.18.jar;C:\Users\Usuario\.m2\repository\ch\qos\logback\logback-core\1.5.18\logback-core-1.5.18.jar;C:\Users\Usuario\.m2\repository\org\apache\logging\log4j\log4j-to-slf4j\2.24.3\log4j-to-slf4j-2.24.3.jar;C:\Users\Usuario\.m2\repository\org\apache\logging\log4j\log4j-api\2.24.3\log4j-api-2.24.3.jar;C:\Users\Usuario\.m2\repository\org\slf4j\jul-to-slf4j\2.0.17\jul-to-slf4j-2.0.17.jar;C:\Users\Usuario\.m2\repository\org\yaml\snakeyaml\2.3\snakeyaml-2.3.jar;C:\Users\Usuario\.m2\repository\io\lettuce\lettuce-core\6.4.2.RELEASE\lettuce-core-6.4.2.RELEASE.jar;C:\Users\Usuario\.m2\repository\io\netty\netty-common\4.1.119.Final\netty-common-4.1.119.Final.jar;C:\Users\Usuario\.m2\repository\io\netty\netty-handler\4.1.119.Final\netty-handler-4.1.119.Final.jar;C:\Users\Usuario\.m2\repository\io\netty\netty-resolver\4.1.119.Final\netty-resolver-4.1.119.Final.jar;C:\Users\Usuario\.m2\repository\io\netty\netty-buffer\4.1.119.Final\netty-buffer-4.1.119.Final.jar;C:\Users\Usuario\.m2\repository\io\netty\netty-transport-native-unix-common\4.1.119.Final\netty-transport-native-unix-common-4.1.119.Final.jar;C:\Users\Usuario\.m2\repository\io\netty\netty-codec\4.1.119.Final\netty-codec-4.1.119.Final.jar;C:\Users\Usuario\.m2\repository\io\netty\netty-transport\4.1.119.Final\netty-transport-4.1.119.Final.jar;C:\Users\Usuario\.m2\repository\io\projectreactor\reactor-core\3.7.4\reactor-core-3.7.4.jar;C:\Users\Usuario\.m2\repository\org\reactivestreams\reactive-streams\1.0.4\reactive-streams-1.0.4.jar;C:\Users\Usuario\.m2\repository\org\springframework\data\spring-data-redis\3.4.4\spring-data-redis-3.4.4.jar;C:\Users\Usuario\.m2\repository\org\springframework\data\spring-data-keyvalue\3.4.4\spring-data-keyvalue-3.4.4.jar;C:\Users\Usuario\.m2\repository\org\springframework\data\spring-data-commons\3.4.4\spring-data-commons-3.4.4.jar;C:\Users\Usuario\.m2\repository\org\springframework\spring-tx\6.2.5\spring-tx-6.2.5.jar;C:\Users\Usuario\.m2\repository\org\springframework\spring-oxm\6.2.5\spring-oxm-6.2.5.jar;C:\Users\Usuario\.m2\repository\org\springframework\spring-aop\6.2.5\spring-aop-6.2.5.jar;C:\Users\Usuario\.m2\repository\org\springframework\spring-context-support\6.2.5\spring-context-support-6.2.5.jar;C:\Users\Usuario\.m2\repository\org\slf4j\slf4j-api\2.0.17\slf4j-api-2.0.17.jar;C:\Users\Usuario\.m2\repository\org\springdoc\springdoc-openapi-starter-webmvc-ui\2.8.6\springdoc-openapi-starter-webmvc-ui-2.8.6.jar;C:\Users\Usuario\.m2\repository\org\springdoc\springdoc-openapi-starter-webmvc-api\2.8.6\springdoc-openapi-starter-webmvc-api-2.8.6.jar;C:\Users\Usuario\.m2\repository\org\springdoc\springdoc-openapi-starter-common\2.8.6\springdoc-openapi-starter-common-2.8.6.jar;C:\Users\Usuario\.m2\repository\io\swagger\core\v3\swagger-core-jakarta\2.2.29\swagger-core-jakarta-2.2.29.jar;C:\Users\Usuario\.m2\repository\org\apache\commons\commons-lang3\3.17.0\commons-lang3-3.17.0.jar;C:\Users\Usuario\.m2\repository\io\swagger\core\v3\swagger-annotations-jakarta\2.2.29\swagger-annotations-jakarta-2.2.29.jar;C:\Users\Usuario\.m2\repository\io\swagger\core\v3\swagger-models-jakarta\2.2.29\swagger-models-jakarta-2.2.29.jar;C:\Users\Usuario\.m2\repository\com\fasterxml\jackson\dataformat\jackson-dataformat-yaml\2.18.3\jackson-dataformat-yaml-2.18.3.jar;C:\Users\Usuario\.m2\repository\org\webjars\swagger-ui\5.20.1\swagger-ui-5.20.1.jar;C:\Users\Usuario\.m2\repository\org\webjars\webjars-locator-lite\1.0.1\webjars-locator-lite-1.0.1.jar;C:\Users\Usuario\.m2\repository\org\jspecify\jspecify\1.0.0\jspecify-1.0.0.jar;C:\Users\Usuario\.m2\repository\org\springframework\boot\spring-boot-starter-data-jpa\3.4.4\spring-boot-starter-data-jpa-3.4.4.jar;C:\Users\Usuario\.m2\repository\org\springframework\boot\spring-boot-starter-jdbc\3.4.4\spring-boot-starter-jdbc-3.4.4.jar;C:\Users\Usuario\.m2\repository\com\zaxxer\HikariCP\5.1.0\HikariCP-5.1.0.jar;C:\Users\Usuario\.m2\repository\org\springframework\spring-jdbc\6.2.5\spring-jdbc-6.2.5.jar;C:\Users\Usuario\.m2\repository\org\hibernate\orm\hibernate-core\6.6.11.Final\hibernate-core-6.6.11.Final.jar;C:\Users\Usuario\.m2\repository\jakarta\persistence\jakarta.persistence-api\3.1.0\jakarta.persistence-api-3.1.0.jar;C:\Users\Usuario\.m2\repository\jakarta\transaction\jakarta.transaction-api\2.0.1\jakarta.transaction-api-2.0.1.jar;C:\Users\Usuario\.m2\repository\org\jboss\logging\jboss-logging\3.6.1.Final\jboss-logging-3.6.1.Final.jar;C:\Users\Usuario\.m2\repository\org\hibernate\common\hibernate-commons-annotations\7.0.3.Final\hibernate-commons-annotations-7.0.3.Final.jar;C:\Users\Usuario\.m2\repository\io\smallrye\jandex\3.2.0\jandex-3.2.0.jar;C:\Users\Usuario\.m2\repository\com\fasterxml\classmate\1.7.0\classmate-1.7.0.jar;C:\Users\Usuario\.m2\repository\net\bytebuddy\byte-buddy\1.15.11\byte-buddy-1.15.11.jar;C:\Users\Usuario\.m2\repository\org\glassfish\jaxb\jaxb-runtime\4.0.5\jaxb-runtime-4.0.5.jar;C:\Users\Usuario\.m2\repository\org\glassfish\jaxb\jaxb-core\4.0.5\jaxb-core-4.0.5.jar;C:\Users\Usuario\.m2\repository\org\eclipse\angus\angus-activation\2.0.2\angus-activation-2.0.2.jar;C:\Users\Usuario\.m2\repository\org\glassfish\jaxb\txw2\4.0.5\txw2-4.0.5.jar;C:\Users\Usuario\.m2\repository\com\sun\istack\istack-commons-runtime\4.1.2\istack-commons-runtime-4.1.2.jar;C:\Users\Usuario\.m2\repository\jakarta\inject\jakarta.inject-api\2.0.1\jakarta.inject-api-2.0.1.jar;C:\Users\Usuario\.m2\repository\org\antlr\antlr4-runtime\4.13.0\antlr4-runtime-4.13.0.jar;C:\Users\Usuario\.m2\repository\org\springframework\data\spring-data-jpa\3.4.4\spring-data-jpa-3.4.4.jar;C:\Users\Usuario\.m2\repository\org\springframework\spring-orm\6.2.5\spring-orm-6.2.5.jar;C:\Users\Usuario\.m2\repository\org\springframework\spring-aspects\6.2.5\spring-aspects-6.2.5.jar;C:\Users\Usuario\.m2\repository\org\aspectj\aspectjweaver\1.9.23\aspectjweaver-1.9.23.jar;C:\Users\Usuario\.m2\repository\org\springframework\boot\spring-boot-starter-validation\3.4.4\spring-boot-starter-validation-3.4.4.jar;C:\Users\Usuario\.m2\repository\org\apache\tomcat\embed\tomcat-embed-el\10.1.39\tomcat-embed-el-10.1.39.jar;C:\Users\Usuario\.m2\repository\org\hibernate\validator\hibernate-validator\8.0.2.Final\hibernate-validator-8.0.2.Final.jar;C:\Users\Usuario\.m2\repository\jakarta\validation\jakarta.validation-api\3.0.2\jakarta.validation-api-3.0.2.jar;C:\Users\Usuario\.m2\repository\org\springframework\boot\spring-boot-starter-web\3.4.4\spring-boot-starter-web-3.4.4.jar;C:\Users\Usuario\.m2\repository\org\springframework\boot\spring-boot-starter-json\3.4.4\spring-boot-starter-json-3.4.4.jar;C:\Users\Usuario\.m2\repository\com\fasterxml\jackson\datatype\jackson-datatype-jdk8\2.18.3\jackson-datatype-jdk8-2.18.3.jar;C:\Users\Usuario\.m2\repository\com\fasterxml\jackson\datatype\jackson-datatype-jsr310\2.18.3\jackson-datatype-jsr310-2.18.3.jar;C:\Users\Usuario\.m2\repository\com\fasterxml\jackson\module\jackson-module-parameter-names\2.18.3\jackson-module-parameter-names-2.18.3.jar;C:\Users\Usuario\.m2\repository\org\springframework\boot\spring-boot-starter-tomcat\3.4.4\spring-boot-starter-tomcat-3.4.4.jar;C:\Users\Usuario\.m2\repository\org\apache\tomcat\embed\tomcat-embed-websocket\10.1.39\tomcat-embed-websocket-10.1.39.jar;C:\Users\Usuario\.m2\repository\org\springframework\spring-web\6.2.5\spring-web-6.2.5.jar;C:\Users\Usuario\.m2\repository\org\springframework\spring-webmvc\6.2.5\spring-webmvc-6.2.5.jar;C:\Users\Usuario\.m2\repository\org\springframework\boot\spring-boot-devtools\3.4.4\spring-boot-devtools-3.4.4.jar;C:\Users\Usuario\.m2\repository\org\springframework\boot\spring-boot\3.4.4\spring-boot-3.4.4.jar;C:\Users\Usuario\.m2\repository\org\springframework\boot\spring-boot-autoconfigure\3.4.4\spring-boot-autoconfigure-3.4.4.jar;C:\Users\Usuario\.m2\repository\org\postgresql\postgresql\42.7.5\postgresql-42.7.5.jar;C:\Users\Usuario\.m2\repository\org\checkerframework\checker-qual\3.48.3\checker-qual-3.48.3.jar;C:\Users\Usuario\.m2\repository\org\springframework\boot\spring-boot-starter-security\3.4.5\spring-boot-starter-security-3.4.5.jar;C:\Users\Usuario\.m2\repository\org\springframework\security\spring-security-config\6.4.4\spring-security-config-6.4.4.jar;C:\Users\Usuario\.m2\repository\org\springframework\security\spring-security-web\6.4.4\spring-security-web-6.4.4.jar;C:\Users\Usuario\.m2\repository\io\jsonwebtoken\jjwt-api\0.12.6\jjwt-api-0.12.6.jar;C:\Users\Usuario\.m2\repository\io\jsonwebtoken\jjwt-impl\0.12.6\jjwt-impl-0.12.6.jar;C:\Users\Usuario\.m2\repository\io\jsonwebtoken\jjwt-jackson\0.12.6\jjwt-jackson-0.12.6.jar;C:\Users\Usuario\.m2\repository\com\fasterxml\jackson\core\jackson-databind\2.18.3\jackson-databind-2.18.3.jar;C:\Users\Usuario\.m2\repository\com\fasterxml\jackson\core\jackson-annotations\2.18.3\jackson-annotations-2.18.3.jar;C:\Users\Usuario\.m2\repository\com\fasterxml\jackson\core\jackson-core\2.18.3\jackson-core-2.18.3.jar;C:\Users\Usuario\.m2\repository\org\springframework\boot\spring-boot-starter-test\3.4.4\spring-boot-starter-test-3.4.4.jar;C:\Users\Usuario\.m2\repository\org\springframework\boot\spring-boot-test\3.4.4\spring-boot-test-3.4.4.jar;C:\Users\Usuario\.m2\repository\org\springframework\boot\spring-boot-test-autoconfigure\3.4.4\spring-boot-test-autoconfigure-3.4.4.jar;C:\Users\Usuario\.m2\repository\com\jayway\jsonpath\json-path\2.9.0\json-path-2.9.0.jar;C:\Users\Usuario\.m2\repository\jakarta\xml\bind\jakarta.xml.bind-api\4.0.2\jakarta.xml.bind-api-4.0.2.jar;C:\Users\Usuario\.m2\repository\jakarta\activation\jakarta.activation-api\2.1.3\jakarta.activation-api-2.1.3.jar;C:\Users\Usuario\.m2\repository\net\minidev\json-smart\2.5.2\json-smart-2.5.2.jar;C:\Users\Usuario\.m2\repository\net\minidev\accessors-smart\2.5.2\accessors-smart-2.5.2.jar;C:\Users\Usuario\.m2\repository\org\ow2\asm\asm\9.7.1\asm-9.7.1.jar;C:\Users\Usuario\.m2\repository\org\assertj\assertj-core\3.26.3\assertj-core-3.26.3.jar;C:\Users\Usuario\.m2\repository\org\awaitility\awaitility\4.2.2\awaitility-4.2.2.jar;C:\Users\Usuario\.m2\repository\org\hamcrest\hamcrest\2.2\hamcrest-2.2.jar;C:\Users\Usuario\.m2\repository\org\junit\jupiter\junit-jupiter\5.11.4\junit-jupiter-5.11.4.jar;C:\Users\Usuario\.m2\repository\org\junit\jupiter\junit-jupiter-api\5.11.4\junit-jupiter-api-5.11.4.jar;C:\Users\Usuario\.m2\repository\org\opentest4j\opentest4j\1.3.0\opentest4j-1.3.0.jar;C:\Users\Usuario\.m2\repository\org\junit\platform\junit-platform-commons\1.11.4\junit-platform-commons-1.11.4.jar;C:\Users\Usuario\.m2\repository\org\apiguardian\apiguardian-api\1.1.2\apiguardian-api-1.1.2.jar;C:\Users\Usuario\.m2\repository\org\junit\jupiter\junit-jupiter-params\5.11.4\junit-jupiter-params-5.11.4.jar;C:\Users\Usuario\.m2\repository\org\junit\jupiter\junit-jupiter-engine\5.11.4\junit-jupiter-engine-5.11.4.jar;C:\Users\Usuario\.m2\repository\org\junit\platform\junit-platform-engine\1.11.4\junit-platform-engine-1.11.4.jar;C:\Users\Usuario\.m2\repository\org\mockito\mockito-core\5.14.2\mockito-core-5.14.2.jar;C:\Users\Usuario\.m2\repository\net\bytebuddy\byte-buddy-agent\1.15.11\byte-buddy-agent-1.15.11.jar;C:\Users\Usuario\.m2\repository\org\objenesis\objenesis\3.3\objenesis-3.3.jar;C:\Users\Usuario\.m2\repository\org\mockito\mockito-junit-jupiter\5.14.2\mockito-junit-jupiter-5.14.2.jar;C:\Users\Usuario\.m2\repository\org\skyscreamer\jsonassert\1.5.3\jsonassert-1.5.3.jar;C:\Users\Usuario\.m2\repository\com\vaadin\external\google\android-json\0.0.20131108.vaadin1\android-json-0.0.20131108.vaadin1.jar;C:\Users\Usuario\.m2\repository\org\springframework\spring-core\6.2.5\spring-core-6.2.5.jar;C:\Users\Usuario\.m2\repository\org\springframework\spring-jcl\6.2.5\spring-jcl-6.2.5.jar;C:\Users\Usuario\.m2\repository\org\springframework\spring-test\6.2.5\spring-test-6.2.5.jar;C:\Users\Usuario\.m2\repository\org\xmlunit\xmlunit-core\2.10.0\xmlunit-core-2.10.0.jar;C:\Users\Usuario\.m2\repository\org\projectlombok\lombok\1.18.36\lombok-1.18.36.jar;C:\Users\Usuario\.m2\repository\org\springframework\security\spring-security-test\6.4.4\spring-security-test-6.4.4.jar;C:\Users\Usuario\.m2\repository\org\springframework\security\spring-security-core\6.4.4\spring-security-core-6.4.4.jar;C:\Users\Usuario\.m2\repository\org\springframework\security\spring-security-crypto\6.4.4\spring-security-crypto-6.4.4.jar;C:\Users\Usuario\.m2\repository\org\springframework\spring-context\6.2.7\spring-context-6.2.7.jar;C:\Users\Usuario\.m2\repository\org\springframework\spring-beans\6.2.5\spring-beans-6.2.5.jar;C:\Users\Usuario\.m2\repository\org\springframework\spring-expression\6.2.5\spring-expression-6.2.5.jar;C:\Users\Usuario\.m2\repository\io\micrometer\micrometer-observation\1.14.5\micrometer-observation-1.14.5.jar;C:\Users\Usuario\.m2\repository\io\micrometer\micrometer-commons\1.14.5\micrometer-commons-1.14.5.jar;C:\Users\Usuario\.m2\repository\org\apache\tomcat\embed\tomcat-embed-core\10.1.40\tomcat-embed-core-10.1.40.jar;C:\Users\Usuario\.m2\repository\org\apache\tomcat\tomcat-annotations-api\10.1.39\tomcat-annotations-api-10.1.39.jar;"/>
    <property name="sun.cpu.endian" value="little"/>
    <property name="user.home" value="C:\Users\Usuario"/>
    <property name="user.language" value="es"/>
    <property name="java.specification.vendor" value="Oracle Corporation"/>
    <property name="java.version.date" value="2024-04-16"/>
    <property name="java.home" value="C:\Program Files\Java\jdk-22"/>
    <property name="file.separator" value="\"/>
    <property name="basedir" value="D:\TRABAJO\Practicar\spvending-manager"/>
    <property name="java.vm.compressedOopsMode" value="Zero based"/>
    <property name="line.separator" value="&#10;"/>
    <property name="java.vm.specification.vendor" value="Oracle Corporation"/>
    <property name="java.specification.name" value="Java Platform API Specification"/>
    <property name="FILE_LOG_CHARSET" value="UTF-8"/>
    <property name="java.awt.headless" value="true"/>
    <property name="surefire.real.class.path" value="C:\Users\Usuario\AppData\Local\Temp\surefire17663340399994929714\surefirebooter-20250521154219484_3.jar"/>
    <property name="user.script" value=""/>
    <property name="sun.management.compiler" value="HotSpot 64-Bit Tiered Compilers"/>
    <property name="java.runtime.version" value="22.0.1+8-16"/>
    <property name="user.name" value="Usuario"/>
    <property name="stdout.encoding" value="Cp1252"/>
    <property name="path.separator" value=";"/>
    <property name="os.version" value="10.0"/>
    <property name="java.runtime.name" value="Java(TM) SE Runtime Environment"/>
    <property name="file.encoding" value="UTF-8"/>
    <property name="java.vm.name" value="Java HotSpot(TM) 64-Bit Server VM"/>
    <property name="localRepository" value="C:\Users\Usuario\.m2\repository"/>
    <property name="java.vendor.url.bug" value="https://bugreport.java.com/bugreport/"/>
    <property name="java.io.tmpdir" value="C:\Users\Usuario\AppData\Local\Temp\"/>
    <property name="java.version" value="22.0.1"/>
    <property name="user.dir" value="D:\TRABAJO\Practicar\spvending-manager"/>
    <property name="os.arch" value="amd64"/>
    <property name="java.vm.specification.name" value="Java Virtual Machine Specification"/>
    <property name="PID" value="47948"/>
    <property name="sun.os.patch.level" value=""/>
    <property name="CONSOLE_LOG_CHARSET" value="UTF-8"/>
    <property name="native.encoding" value="Cp1252"/>
    <property name="java.library.path" value="C:\Program Files\Java\jdk-22\bin;C:\Windows\Sun\Java\bin;C:\Windows\system32;C:\Windows;C:\Program Files\Java\jdk-22\bin;C:\Program Files\Common Files\Oracle\Java\javapath;C:\Program Files\Python312\Scripts\;C:\Program Files\Python312\;C:\Program Files (x86)\VMware\VMware Player\bin\;C:\Windows\system32;C:\Windows;C:\Windows\System32\Wbem;C:\Windows\System32\WindowsPowerShell\v1.0\;C:\Windows\System32\OpenSSH\;C:\Program Files\Java\jdk-22\bin\java.exe;C:\Program Files\dotnet\;C:\Program Files (x86)\NVIDIA Corporation\PhysX\Common;C:\Program Files (x86)\Windows Kits\10\Windows Performance Toolkit\;C:\Program Files\NVIDIA Corporation\NVIDIA app\NvDLISR;C:\ProgramData\ComposerSetup\bin;C:\Program Files\Git\cmd;D:\XAMP\php;C:\apache-maven-3.9.9\bin;D:\TRABAJO\redis\;D:\TRABAJO\sonnarqube\sonar-scanner-7.1.0.4889-windows-x64\bin;C:\Program Files\Go\bin;C:\Program Files\Docker\Docker\resources\bin;C:\Users\Usuario\AppData\Local\Programs\Python\Launcher\;C:\Users\Usuario\AppData\Local\Microsoft\WindowsApps;C:\Users\Usuario\AppData\Local\Programs\Microsoft VS Code\bin;C:\Users\Usuario\.dotnet\tools;C:\Users\Usuario\AppData\Roaming\Composer\vendor\bin;C:\Users\Usuario\AppData\Local\Programs\Windsurf\bin;D:\XAMP\php;C:\Users\Usuario\AppData\Local\GitHubDesktop\bin;C:\Users\Usuario\go\bin;."/>
    <property name="java.vm.info" value="mixed mode, sharing"/>
    <property name="stderr.encoding" value="Cp1252"/>
    <property name="java.vendor" value="Oracle Corporation"/>
    <property name="java.vm.version" value="22.0.1+8-16"/>
    <property name="sun.io.unicode.encoding" value="UnicodeLittle"/>
    <property name="java.class.version" value="66.0"/>
    <property name="LOGGED_APPLICATION_NAME" value="[Tenants_Managment] "/>
  </properties>
  <testcase name="shouldReturnNotFoundWhenTenantEntityIdDoesNotExist" classname="com.smart_padel.spvending_management_api.user_manager.infrastructure.rest.controller.PostUserManagerControllerTest" time="0.049">
    <system-out><![CDATA[2025-05-21T15:42:38.984+02:00  INFO 47948 --- [Tenants_Managment] [           main] t.c.s.AnnotationConfigContextLoaderUtils : Could not detect default configuration classes for test class [com.smart_padel.spvending_management_api.user_manager.infrastructure.rest.controller.PostUserManagerControllerTest]: PostUserManagerControllerTest does not declare any static, non-private, non-final, nested classes annotated with @Configuration.
2025-05-21T15:42:38.990+02:00  INFO 47948 --- [Tenants_Managment] [           main] .b.t.c.SpringBootTestContextBootstrapper : Found @SpringBootConfiguration com.smart_padel.spvending_management_api.SPVendingManagementApplication for test class com.smart_padel.spvending_management_api.user_manager.infrastructure.rest.controller.PostUserManagerControllerTest
2025-05-21T15:42:38.993+02:00  INFO 47948 --- [Tenants_Managment] [           main] o.s.b.d.r.RestartApplicationListener     : Restart disabled due to context in which it is running

  .   ____          _            __ _ _
 /\\ / ___'_ __ _ _(_)_ __  __ _ \ \ \ \
( ( )\___ | '_ | '_| | '_ \/ _` | \ \ \ \
 \\/  ___)| |_)| | | | | || (_| |  ) ) ) )
  '  |____| .__|_| |_|_| |_\__, | / / / /
 =========|_|==============|___/=/_/_/_/

 :: Spring Boot ::                (v3.4.4)

2025-05-21T15:42:39.005+02:00  INFO 47948 --- [Tenants_Managment] [           main] .s.u.i.r.c.PostUserManagerControllerTest : Starting PostUserManagerControllerTest using Java 22.0.1 with PID 47948 (started by Usuario in D:\TRABAJO\Practicar\spvending-manager)
2025-05-21T15:42:39.005+02:00  INFO 47948 --- [Tenants_Managment] [           main] .s.u.i.r.c.PostUserManagerControllerTest : No active profile set, falling back to 1 default profile: "default"
2025-05-21T15:42:39.007+02:00 DEBUG 47948 --- [Tenants_Managment] [           main] o.s.w.c.s.GenericWebApplicationContext   : Refreshing org.springframework.web.context.support.GenericWebApplicationContext@940bdd7
2025-05-21T15:42:39.217+02:00  WARN 47948 --- [Tenants_Managment] [           main] .s.s.UserDetailsServiceAutoConfiguration : 

Using generated security password: 4a429bb2-c534-4666-a0d8-d01ac6172c37

This generated password is for development use only. Your security configuration must be updated before running your application in production.

2025-05-21T15:42:39.241+02:00 DEBUG 47948 --- [Tenants_Managment] [           main] s.w.s.m.m.a.RequestMappingHandlerMapping : 3 mappings in 'requestMappingHandlerMapping'
2025-05-21T15:42:39.321+02:00 DEBUG 47948 --- [Tenants_Managment] [           main] o.s.w.s.handler.SimpleUrlHandlerMapping  : Patterns [/webjars/**, /**] in 'resourceHandlerMapping'
2025-05-21T15:42:39.323+02:00 DEBUG 47948 --- [Tenants_Managment] [           main] s.w.s.m.m.a.RequestMappingHandlerAdapter : ControllerAdvice beans: 0 @ModelAttribute, 0 @InitBinder, 1 RequestBodyAdvice, 1 ResponseBodyAdvice
2025-05-21T15:42:39.325+02:00 DEBUG 47948 --- [Tenants_Managment] [           main] .m.m.a.ExceptionHandlerExceptionResolver : ControllerAdvice beans: 1 @ExceptionHandler, 1 ResponseBodyAdvice
2025-05-21T15:42:39.330+02:00  INFO 47948 --- [Tenants_Managment] [           main] r$InitializeUserDetailsManagerConfigurer : Global AuthenticationManager configured with UserDetailsService bean with name inMemoryUserDetailsManager
2025-05-21T15:42:39.337+02:00 DEBUG 47948 --- [Tenants_Managment] [           main] o.s.s.web.DefaultSecurityFilterChain     : Will secure any request with filters: DisableEncodeUrlFilter, WebAsyncManagerIntegrationFilter, SecurityContextHolderFilter, HeaderWriterFilter, CsrfFilter, LogoutFilter, UsernamePasswordAuthenticationFilter, DefaultResourcesFilter, DefaultLoginPageGeneratingFilter, DefaultLogoutPageGeneratingFilter, BasicAuthenticationFilter, RequestCacheAwareFilter, SecurityContextHolderAwareRequestFilter, AnonymousAuthenticationFilter, ExceptionTranslationFilter, AuthorizationFilter
2025-05-21T15:42:39.341+02:00  INFO 47948 --- [Tenants_Managment] [           main] o.s.b.t.m.w.SpringBootMockServletContext : Initializing Spring TestDispatcherServlet ''
2025-05-21T15:42:39.341+02:00  INFO 47948 --- [Tenants_Managment] [           main] o.s.t.web.servlet.TestDispatcherServlet  : Initializing Servlet ''
2025-05-21T15:42:39.341+02:00  INFO 47948 --- [Tenants_Managment] [           main] o.s.t.web.servlet.TestDispatcherServlet  : Completed initialization in 0 ms
2025-05-21T15:42:39.345+02:00  INFO 47948 --- [Tenants_Managment] [           main] .s.u.i.r.c.PostUserManagerControllerTest : Started PostUserManagerControllerTest in 0.354 seconds (process running for 19.74)
2025-05-21T15:42:39.352+02:00 DEBUG 47948 --- [Tenants_Managment] [           main] s.w.s.m.m.a.RequestMappingHandlerMapping : Mapped to com.smart_padel.spvending_management_api.user_manager.infrastructure.rest.controller.PostUserManagerController#createUserManager(UserManagerDtoIn)
2025-05-21T15:42:39.357+02:00 DEBUG 47948 --- [Tenants_Managment] [           main] m.m.a.RequestResponseBodyMethodProcessor : Read "application/json" to [UserManagerDtoIn(username=userName, password=Abc1234., micronId=abc123., micronUser=asdsa, micronPas (truncated)...]
2025-05-21T15:42:39.392+02:00 DEBUG 47948 --- [Tenants_Managment] [           main] .m.m.a.ExceptionHandlerExceptionResolver : Using @ExceptionHandler com.smart_padel.spvending_management_api.shared.GlobalExceptionHandler#resourceNotFoundException(ResourceNotFoundException)
2025-05-21T15:42:39.393+02:00 DEBUG 47948 --- [Tenants_Managment] [           main] o.s.w.s.m.m.a.HttpEntityMethodProcessor  : Using 'application/json', given [*/*] and supported [application/json, application/*+json, application/yaml]
2025-05-21T15:42:39.393+02:00 DEBUG 47948 --- [Tenants_Managment] [           main] o.s.w.s.m.m.a.HttpEntityMethodProcessor  : Writing [{Error=Tenant not found}]
2025-05-21T15:42:39.394+02:00 DEBUG 47948 --- [Tenants_Managment] [           main] .m.m.a.ExceptionHandlerExceptionResolver : Resolved [com.smart_padel.spvending_management_api.shared.exceptions.ResourceNotFoundException: Tenant not found]
]]></system-out>
  </testcase>
  <testcase name="shouldReturnConflictWhenUsernameAlreadyExists" classname="com.smart_padel.spvending_management_api.user_manager.infrastructure.rest.controller.PostUserManagerControllerTest" time="0.044">
    <system-out><![CDATA[2025-05-21T15:42:39.400+02:00 DEBUG 47948 --- [Tenants_Managment] [           main] s.w.s.m.m.a.RequestMappingHandlerMapping : Mapped to com.smart_padel.spvending_management_api.user_manager.infrastructure.rest.controller.PostUserManagerController#createUserManager(UserManagerDtoIn)
2025-05-21T15:42:39.401+02:00 DEBUG 47948 --- [Tenants_Managment] [           main] m.m.a.RequestResponseBodyMethodProcessor : Read "application/json" to [UserManagerDtoIn(username=existingUser, password=Abc1234., micronId=abc123., micronUser=asdsa, micro (truncated)...]
2025-05-21T15:42:39.437+02:00 DEBUG 47948 --- [Tenants_Managment] [           main] .m.m.a.ExceptionHandlerExceptionResolver : Using @ExceptionHandler com.smart_padel.spvending_management_api.shared.GlobalExceptionHandler#handleResourceAlreadyExistsException(ResourceAlreadyExistsException)
2025-05-21T15:42:39.437+02:00 DEBUG 47948 --- [Tenants_Managment] [           main] o.s.w.s.m.m.a.HttpEntityMethodProcessor  : Using 'application/json', given [*/*] and supported [application/json, application/*+json, application/yaml]
2025-05-21T15:42:39.437+02:00 DEBUG 47948 --- [Tenants_Managment] [           main] o.s.w.s.m.m.a.HttpEntityMethodProcessor  : Writing [{Error=Username already exists}]
2025-05-21T15:42:39.439+02:00 DEBUG 47948 --- [Tenants_Managment] [           main] .m.m.a.ExceptionHandlerExceptionResolver : Resolved [com.smart_padel.spvending_management_api.shared.exceptions.ResourceAlreadyExistsException: Username already exists]
]]></system-out>
  </testcase>
  <testcase name="shouldReturnBadRequestWhenUserTypeIs1ButClubEntityIdIsProvided" classname="com.smart_padel.spvending_management_api.user_manager.infrastructure.rest.controller.PostUserManagerControllerTest" time="0.04">
    <system-out><![CDATA[2025-05-21T15:42:39.447+02:00 DEBUG 47948 --- [Tenants_Managment] [           main] s.w.s.m.m.a.RequestMappingHandlerMapping : Mapped to com.smart_padel.spvending_management_api.user_manager.infrastructure.rest.controller.PostUserManagerController#createUserManager(UserManagerDtoIn)
2025-05-21T15:42:39.450+02:00 DEBUG 47948 --- [Tenants_Managment] [           main] m.m.a.RequestResponseBodyMethodProcessor : Read "application/json" to [UserManagerDtoIn(username=userName, password=Abc1234., micronId=abc123., micronUser=asdsa, micronPas (truncated)...]
2025-05-21T15:42:39.481+02:00 DEBUG 47948 --- [Tenants_Managment] [           main] .m.m.a.ExceptionHandlerExceptionResolver : Using @ExceptionHandler com.smart_padel.spvending_management_api.shared.GlobalExceptionHandler#handleParamRequiredException(ParamRequiredException)
2025-05-21T15:42:39.481+02:00 DEBUG 47948 --- [Tenants_Managment] [           main] o.s.w.s.m.m.a.HttpEntityMethodProcessor  : Using 'application/json', given [*/*] and supported [application/json, application/*+json, application/yaml]
2025-05-21T15:42:39.481+02:00 DEBUG 47948 --- [Tenants_Managment] [           main] o.s.w.s.m.m.a.HttpEntityMethodProcessor  : Writing [{Error=The user is type 1, the club id is required.}]
2025-05-21T15:42:39.482+02:00 DEBUG 47948 --- [Tenants_Managment] [           main] .m.m.a.ExceptionHandlerExceptionResolver : Resolved [com.smart_padel.spvending_management_api.shared.exceptions.ParamRequiredException: The user is type 1, the club id is required.]
]]></system-out>
  </testcase>
  <testcase name="shouldReturnBadRequestWhenUserTypeIs2ButTenantEntityIdIsProvided" classname="com.smart_padel.spvending_management_api.user_manager.infrastructure.rest.controller.PostUserManagerControllerTest" time="0.037">
    <system-out><![CDATA[2025-05-21T15:42:39.487+02:00 DEBUG 47948 --- [Tenants_Managment] [           main] s.w.s.m.m.a.RequestMappingHandlerMapping : Mapped to com.smart_padel.spvending_management_api.user_manager.infrastructure.rest.controller.PostUserManagerController#createUserManager(UserManagerDtoIn)
2025-05-21T15:42:39.487+02:00 DEBUG 47948 --- [Tenants_Managment] [           main] m.m.a.RequestResponseBodyMethodProcessor : Read "application/json" to [UserManagerDtoIn(username=userName, password=Abc1234., micronId=abc123., micronUser=asdsa, micronPas (truncated)...]
2025-05-21T15:42:39.519+02:00 DEBUG 47948 --- [Tenants_Managment] [           main] .m.m.a.ExceptionHandlerExceptionResolver : Using @ExceptionHandler com.smart_padel.spvending_management_api.shared.GlobalExceptionHandler#handleParamRequiredException(ParamRequiredException)
2025-05-21T15:42:39.519+02:00 DEBUG 47948 --- [Tenants_Managment] [           main] o.s.w.s.m.m.a.HttpEntityMethodProcessor  : Using 'application/json', given [*/*] and supported [application/json, application/*+json, application/yaml]
2025-05-21T15:42:39.519+02:00 DEBUG 47948 --- [Tenants_Managment] [           main] o.s.w.s.m.m.a.HttpEntityMethodProcessor  : Writing [{Error=The user is type 2, the tenant id is required.}]
2025-05-21T15:42:39.520+02:00 DEBUG 47948 --- [Tenants_Managment] [           main] .m.m.a.ExceptionHandlerExceptionResolver : Resolved [com.smart_padel.spvending_management_api.shared.exceptions.ParamRequiredException: The user is type 2, the tenant id is required.]
]]></system-out>
  </testcase>
  <testcase name="shouldCreateUserManagerSuccessfullyWhenUserTypeIs1" classname="com.smart_padel.spvending_management_api.user_manager.infrastructure.rest.controller.PostUserManagerControllerTest" time="0.082">
    <system-out><![CDATA[2025-05-21T15:42:39.565+02:00 DEBUG 47948 --- [Tenants_Managment] [           main] s.w.s.m.m.a.RequestMappingHandlerMapping : Mapped to com.smart_padel.spvending_management_api.user_manager.infrastructure.rest.controller.PostUserManagerController#createUserManager(UserManagerDtoIn)
2025-05-21T15:42:39.566+02:00 DEBUG 47948 --- [Tenants_Managment] [           main] m.m.a.RequestResponseBodyMethodProcessor : Read "application/json" to [UserManagerDtoIn(username=userName, password=Abc1234., micronId=abc123., micronUser=asdsa, micronPas (truncated)...]
2025-05-21T15:42:39.601+02:00 DEBUG 47948 --- [Tenants_Managment] [           main] o.s.w.s.m.m.a.HttpEntityMethodProcessor  : Using 'application/json', given [*/*] and supported [application/json, application/*+json, application/yaml]
2025-05-21T15:42:39.602+02:00 DEBUG 47948 --- [Tenants_Managment] [           main] o.s.w.s.m.m.a.HttpEntityMethodProcessor  : Writing [UserManagerDtoOutPreview(userManagerId=5895f7e0-ddfa-4350-a317-5c62d7d4a6ad, username=userName, micr (truncated)...]
]]></system-out>
  </testcase>
  <testcase name="shouldCreateUserManagerSuccessfullyWhenUserTypeIs2" classname="com.smart_padel.spvending_management_api.user_manager.infrastructure.rest.controller.PostUserManagerControllerTest" time="0.074">
    <system-out><![CDATA[2025-05-21T15:42:39.645+02:00 DEBUG 47948 --- [Tenants_Managment] [           main] s.w.s.m.m.a.RequestMappingHandlerMapping : Mapped to com.smart_padel.spvending_management_api.user_manager.infrastructure.rest.controller.PostUserManagerController#createUserManager(UserManagerDtoIn)
2025-05-21T15:42:39.646+02:00 DEBUG 47948 --- [Tenants_Managment] [           main] m.m.a.RequestResponseBodyMethodProcessor : Read "application/json" to [UserManagerDtoIn(username=userName, password=Abc1234., micronId=abc123., micronUser=asdsa, micronPas (truncated)...]
2025-05-21T15:42:39.678+02:00 DEBUG 47948 --- [Tenants_Managment] [           main] o.s.w.s.m.m.a.HttpEntityMethodProcessor  : Using 'application/json', given [*/*] and supported [application/json, application/*+json, application/yaml]
2025-05-21T15:42:39.678+02:00 DEBUG 47948 --- [Tenants_Managment] [           main] o.s.w.s.m.m.a.HttpEntityMethodProcessor  : Writing [UserManagerDtoOutPreview(userManagerId=13e86c5b-66c7-4ded-8b33-71387ba5bd9c, username=userName, micr (truncated)...]
]]></system-out>
  </testcase>
  <testcase name="shouldReturnNotFoundWhenClubEntityIdDoesNotExist" classname="com.smart_padel.spvending_management_api.user_manager.infrastructure.rest.controller.PostUserManagerControllerTest" time="0.033">
    <system-out><![CDATA[2025-05-21T15:42:39.685+02:00 DEBUG 47948 --- [Tenants_Managment] [           main] s.w.s.m.m.a.RequestMappingHandlerMapping : Mapped to com.smart_padel.spvending_management_api.user_manager.infrastructure.rest.controller.PostUserManagerController#createUserManager(UserManagerDtoIn)
2025-05-21T15:42:39.686+02:00 DEBUG 47948 --- [Tenants_Managment] [           main] m.m.a.RequestResponseBodyMethodProcessor : Read "application/json" to [UserManagerDtoIn(username=userName, password=Abc1234., micronId=abc123., micronUser=asdsa, micronPas (truncated)...]
2025-05-21T15:42:39.713+02:00 DEBUG 47948 --- [Tenants_Managment] [           main] .m.m.a.ExceptionHandlerExceptionResolver : Using @ExceptionHandler com.smart_padel.spvending_management_api.shared.GlobalExceptionHandler#resourceNotFoundException(ResourceNotFoundException)
2025-05-21T15:42:39.713+02:00 DEBUG 47948 --- [Tenants_Managment] [           main] o.s.w.s.m.m.a.HttpEntityMethodProcessor  : Using 'application/json', given [*/*] and supported [application/json, application/*+json, application/yaml]
2025-05-21T15:42:39.713+02:00 DEBUG 47948 --- [Tenants_Managment] [           main] o.s.w.s.m.m.a.HttpEntityMethodProcessor  : Writing [{Error=Club not found}]
2025-05-21T15:42:39.714+02:00 DEBUG 47948 --- [Tenants_Managment] [           main] .m.m.a.ExceptionHandlerExceptionResolver : Resolved [com.smart_padel.spvending_management_api.shared.exceptions.ResourceNotFoundException: Club not found]
]]></system-out>
  </testcase>
  <testcase name="shouldReturnBadRequestWhenInputDataIsInvalid" classname="com.smart_padel.spvending_management_api.user_manager.infrastructure.rest.controller.PostUserManagerControllerTest" time="0.005">
    <system-out><![CDATA[2025-05-21T15:42:39.717+02:00 DEBUG 47948 --- [Tenants_Managment] [           main] s.w.s.m.m.a.RequestMappingHandlerMapping : Mapped to com.smart_padel.spvending_management_api.user_manager.infrastructure.rest.controller.PostUserManagerController#createUserManager(UserManagerDtoIn)
2025-05-21T15:42:39.719+02:00 DEBUG 47948 --- [Tenants_Managment] [           main] m.m.a.RequestResponseBodyMethodProcessor : Read "application/json" to [UserManagerDtoIn(username=, password=1232as, micronId=abc123., micronUser=asdsa, micronPass=123432,  (truncated)...]
2025-05-21T15:42:39.719+02:00 DEBUG 47948 --- [Tenants_Managment] [           main] .m.m.a.ExceptionHandlerExceptionResolver : Using @ExceptionHandler com.smart_padel.spvending_management_api.shared.GlobalExceptionHandler#handleMethodArgumentNotValidException(MethodArgumentNotValidException)
2025-05-21T15:42:39.720+02:00 DEBUG 47948 --- [Tenants_Managment] [           main] o.s.w.s.m.m.a.HttpEntityMethodProcessor  : Using 'application/json', given [*/*] and supported [application/json, application/*+json, application/yaml]
2025-05-21T15:42:39.720+02:00 DEBUG 47948 --- [Tenants_Managment] [           main] o.s.w.s.m.m.a.HttpEntityMethodProcessor  : Writing [{password=the password must have at least 8 characters, 1 uppercase letter, 1 lowercase letter, and  (truncated)...]
2025-05-21T15:42:39.720+02:00 DEBUG 47948 --- [Tenants_Managment] [           main] .m.m.a.ExceptionHandlerExceptionResolver : Resolved [org.springframework.web.bind.MethodArgumentNotValidException: Validation failed for argument [0] in public org.springframework.http.ResponseEntity<com.smart_padel.spvending_management_api.user_manager.infrastructure.dto.UserManagerDtoOutPreview> com.smart_padel.spvending_management_api.user_manager.infrastructure.rest.controller.PostUserManagerController.createUserManager(com.smart_padel.spvending_management_api.user_manager.infrastructure.dto.UserManagerDtoIn) throws java.security.GeneralSecurityException: [Field error in object 'userManagerDtoIn' on field 'password': rejected value [1232as]; codes [Pattern.userManagerDtoIn.password,Pattern.password,Pattern.java.lang.String,Pattern]; arguments [org.springframework.context.support.DefaultMessageSourceResolvable: codes [userManagerDtoIn.password,password]; arguments []; default message [password],[Ljakarta.validation.constraints.Pattern$Flag;@1722c1fa,^(?=.*\d)(?=.*[a-z])(?=.*[A-Z])(?=.*[a-zA-Z]).{8,}$]; default message [the password must have at least 8 characters, 1 uppercase letter, 1 lowercase letter, and 1 number]] ]
]]></system-out>
  </testcase>
</testsuite>